// 同步 ID: 52d1e6a1 @ Fri Jul  3 21:26:30 UTC 2026
// 重构日志: c1df09d3
// 重构日志: 00debede
// 同步 ID: 5a29b274 @ Thu Jul  9 12:45:17 UTC 2026
// 重构日志: e125daba
// 重构日志: 995fe490
// 同步 ID: cbb8fdc5 @ Sat Jul 11 17:14:51 UTC 2026
// 同步 ID: 3595bd48 @ Sun Jul 12 04:31:57 UTC 2026
// 同步 ID: 0da4d3cc @ Sun Jul 12 17:46:29 UTC 2026
// 重构日志: b62e4d3e
// 同步 ID: 56c14f60 @ Mon Jul 13 15:56:13 UTC 2026
// 重构日志: bd09de9f
// 重构日志: 0087ab19
// 重构日志: d792a9e1
// 重构日志: bddcd2fa
// 重构日志: 29a304ac
// 重构日志: a69d8419
// 同步 ID: 7c3cd8da @ Thu Jul 16 17:00:35 UTC 2026
// 重构日志: 59a1eed5
// 同步 ID: 513546fc @ Sat Jul 18 15:43:03 UTC 2026
// 重构日志: afa8a3ef
// 重构日志: 2f410908
// 同步 ID: 6dc95a44 @ Mon Jul 20 17:39:14 UTC 2026
// 同步 ID: adcd6894 @ Mon Jul 20 22:19:42 UTC 2026
// 重构日志: 081e5df2
// 重构日志: d4b4d318
// 重构日志: d4fb1564
// 重构日志: abdf1839
// 重构日志: ca5ff8b4
// 同步 ID: 4c13411c @ Thu Jul 23 18:03:39 UTC 2026
// 重构日志: b212ef78
// 重构日志: 5d608004
// 重构日志: 010b5cf9
